{"/home/aparsh/Documents/crio/CRED-T12/dbConnection.js": {"path":"/home/aparsh/Documents/crio/CRED-T12/dbConnection.js","statementMap":{"0":{"start":{"line":1,"column":15},"end":{"line":1,"column":45}},"1":{"start":{"line":2,"column":17},"end":{"line":2,"column":36}},"2":{"start":{"line":6,"column":4},"end":{"line":13,"column":7}},"3":{"start":{"line":7,"column":8},"end":{"line":12,"column":9}},"4":{"start":{"line":8,"column":12},"end":{"line":8,"column":31}},"5":{"start":{"line":11,"column":12},"end":{"line":11,"column":54}},"6":{"start":{"line":17,"column":0},"end":{"line":32,"column":1}},"7":{"start":{"line":18,"column":4},"end":{"line":31,"column":5}},"8":{"start":{"line":19,"column":8},"end":{"line":27,"column":9}},"9":{"start":{"line":20,"column":12},"end":{"line":20,"column":56}},"10":{"start":{"line":21,"column":12},"end":{"line":23,"column":13}},"11":{"start":{"line":22,"column":16},"end":{"line":22,"column":63}},"12":{"start":{"line":26,"column":12},"end":{"line":26,"column":54}},"13":{"start":{"line":30,"column":8},"end":{"line":30,"column":23}},"14":{"start":{"line":34,"column":0},"end":{"line":42,"column":1}},"15":{"start":{"line":35,"column":4},"end":{"line":41,"column":5}},"16":{"start":{"line":36,"column":8},"end":{"line":36,"column":46}},"17":{"start":{"line":37,"column":8},"end":{"line":37,"column":40}},"18":{"start":{"line":40,"column":8},"end":{"line":40,"column":23}}},"fnMap":{"0":{"name":"mongooseCommection","decl":{"start":{"line":5,"column":15},"end":{"line":5,"column":33}},"loc":{"start":{"line":5,"column":44},"end":{"line":14,"column":1}},"line":5},"1":{"name":"(anonymous_1)","decl":{"start":{"line":6,"column":86},"end":{"line":6,"column":87}},"loc":{"start":{"line":6,"column":95},"end":{"line":13,"column":5}},"line":6},"2":{"name":"(anonymous_2)","decl":{"start":{"line":17,"column":25},"end":{"line":17,"column":26}},"loc":{"start":{"line":17,"column":37},"end":{"line":32,"column":1}},"line":17},"3":{"name":"(anonymous_3)","decl":{"start":{"line":34,"column":24},"end":{"line":34,"column":25}},"loc":{"start":{"line":34,"column":36},"end":{"line":42,"column":1}},"line":34}},"branchMap":{"0":{"loc":{"start":{"line":7,"column":8},"end":{"line":12,"column":9}},"type":"if","locations":[{"start":{"line":7,"column":8},"end":{"line":12,"column":9}},{"start":{"line":7,"column":8},"end":{"line":12,"column":9}}],"line":7},"1":{"loc":{"start":{"line":19,"column":8},"end":{"line":27,"column":9}},"type":"if","locations":[{"start":{"line":19,"column":8},"end":{"line":27,"column":9}},{"start":{"line":19,"column":8},"end":{"line":27,"column":9}}],"line":19},"2":{"loc":{"start":{"line":21,"column":12},"end":{"line":23,"column":13}},"type":"if","locations":[{"start":{"line":21,"column":12},"end":{"line":23,"column":13}},{"start":{"line":21,"column":12},"end":{"line":23,"column":13}}],"line":21}},"s":{"0":4,"1":4,"2":3,"3":3,"4":0,"5":3,"6":4,"7":3,"8":3,"9":3,"10":3,"11":3,"12":0,"13":0,"14":4,"15":3,"16":3,"17":3,"18":0},"f":{"0":3,"1":3,"2":3,"3":3},"b":{"0":[0,3],"1":[3,0],"2":[3,0]},"_coverageSchema":"1a1c01bbd47fc00a2c39e90264f33305004495a9","hash":"b461fe467cb16e24505923a2aa7d56d1300e854d"}
,"/home/aparsh/Documents/crio/CRED-T12/endpoints.js": {"path":"/home/aparsh/Documents/crio/CRED-T12/endpoints.js","statementMap":{"0":{"start":{"line":1,"column":19},"end":{"line":1,"column":55}},"1":{"start":{"line":2,"column":19},"end":{"line":2,"column":56}},"2":{"start":{"line":3,"column":26},"end":{"line":3,"column":70}},"3":{"start":{"line":4,"column":19},"end":{"line":4,"column":55}},"4":{"start":{"line":5,"column":0},"end":{"line":11,"column":1}},"5":{"start":{"line":6,"column":4},"end":{"line":6,"column":52}},"6":{"start":{"line":6,"column":37},"end":{"line":6,"column":50}},"7":{"start":{"line":7,"column":4},"end":{"line":7,"column":37}},"8":{"start":{"line":8,"column":4},"end":{"line":8,"column":35}},"9":{"start":{"line":9,"column":4},"end":{"line":9,"column":35}},"10":{"start":{"line":10,"column":4},"end":{"line":10,"column":52}}},"fnMap":{"0":{"name":"(anonymous_0)","decl":{"start":{"line":5,"column":21},"end":{"line":5,"column":22}},"loc":{"start":{"line":5,"column":34},"end":{"line":11,"column":1}},"line":5},"1":{"name":"(anonymous_1)","decl":{"start":{"line":6,"column":19},"end":{"line":6,"column":20}},"loc":{"start":{"line":6,"column":36},"end":{"line":6,"column":51}},"line":6}},"branchMap":{},"s":{"0":4,"1":4,"2":4,"3":4,"4":4,"5":4,"6":0,"7":4,"8":4,"9":4,"10":4},"f":{"0":4,"1":0},"b":{},"_coverageSchema":"1a1c01bbd47fc00a2c39e90264f33305004495a9","hash":"f5a0535e02121bb421181d9e02ac858fec0e73de"}
,"/home/aparsh/Documents/crio/CRED-T12/server.js": {"path":"/home/aparsh/Documents/crio/CRED-T12/server.js","statementMap":{"0":{"start":{"line":1,"column":18},"end":{"line":1,"column":40}},"1":{"start":{"line":2,"column":14},"end":{"line":2,"column":32}},"2":{"start":{"line":3,"column":19},"end":{"line":3,"column":45}},"3":{"start":{"line":4,"column":20},"end":{"line":4,"column":45}},"4":{"start":{"line":5,"column":11},"end":{"line":5,"column":26}},"5":{"start":{"line":6,"column":13},"end":{"line":6,"column":30}},"6":{"start":{"line":7,"column":13},"end":{"line":7,"column":43}},"7":{"start":{"line":8,"column":0},"end":{"line":8,"column":29}},"8":{"start":{"line":9,"column":0},"end":{"line":9,"column":32}},"9":{"start":{"line":10,"column":18},"end":{"line":10,"column":40}},"10":{"start":{"line":11,"column":25},"end":{"line":11,"column":52}},"11":{"start":{"line":12,"column":25},"end":{"line":12,"column":53}},"12":{"start":{"line":15,"column":10},"end":{"line":15,"column":19}},"13":{"start":{"line":17,"column":0},"end":{"line":22,"column":1}},"14":{"start":{"line":18,"column":13},"end":{"line":18,"column":37}},"15":{"start":{"line":19,"column":2},"end":{"line":19,"column":75}},"16":{"start":{"line":19,"column":33},"end":{"line":19,"column":71}},"17":{"start":{"line":21,"column":2},"end":{"line":21,"column":12}},"18":{"start":{"line":24,"column":0},"end":{"line":24,"column":26}},"19":{"start":{"line":25,"column":0},"end":{"line":25,"column":23}},"20":{"start":{"line":26,"column":0},"end":{"line":26,"column":24}},"21":{"start":{"line":27,"column":0},"end":{"line":27,"column":48}},"22":{"start":{"line":28,"column":0},"end":{"line":28,"column":56}},"23":{"start":{"line":29,"column":0},"end":{"line":29,"column":28}},"24":{"start":{"line":30,"column":0},"end":{"line":30,"column":26}},"25":{"start":{"line":33,"column":0},"end":{"line":35,"column":3}},"26":{"start":{"line":34,"column":2},"end":{"line":34,"column":25}},"27":{"start":{"line":38,"column":0},"end":{"line":49,"column":3}},"28":{"start":{"line":40,"column":2},"end":{"line":40,"column":35}},"29":{"start":{"line":41,"column":2},"end":{"line":41,"column":69}},"30":{"start":{"line":44,"column":2},"end":{"line":44,"column":32}},"31":{"start":{"line":45,"column":2},"end":{"line":48,"column":5}},"32":{"start":{"line":51,"column":0},"end":{"line":51,"column":21}},"33":{"start":{"line":52,"column":0},"end":{"line":52,"column":41}}},"fnMap":{"0":{"name":"(anonymous_0)","decl":{"start":{"line":19,"column":19},"end":{"line":19,"column":20}},"loc":{"start":{"line":19,"column":31},"end":{"line":19,"column":73}},"line":19},"1":{"name":"(anonymous_1)","decl":{"start":{"line":33,"column":8},"end":{"line":33,"column":9}},"loc":{"start":{"line":33,"column":34},"end":{"line":35,"column":1}},"line":33},"2":{"name":"(anonymous_2)","decl":{"start":{"line":38,"column":8},"end":{"line":38,"column":9}},"loc":{"start":{"line":38,"column":39},"end":{"line":49,"column":1}},"line":38}},"branchMap":{"0":{"loc":{"start":{"line":17,"column":0},"end":{"line":22,"column":1}},"type":"if","locations":[{"start":{"line":17,"column":0},"end":{"line":22,"column":1}},{"start":{"line":17,"column":0},"end":{"line":22,"column":1}}],"line":17},"1":{"loc":{"start":{"line":18,"column":13},"end":{"line":18,"column":37}},"type":"binary-expr","locations":[{"start":{"line":18,"column":13},"end":{"line":18,"column":29}},{"start":{"line":18,"column":33},"end":{"line":18,"column":37}}],"line":18},"2":{"loc":{"start":{"line":41,"column":21},"end":{"line":41,"column":68}},"type":"cond-expr","locations":[{"start":{"line":41,"column":60},"end":{"line":41,"column":63}},{"start":{"line":41,"column":66},"end":{"line":41,"column":68}}],"line":41},"3":{"loc":{"start":{"line":44,"column":13},"end":{"line":44,"column":30}},"type":"binary-expr","locations":[{"start":{"line":44,"column":13},"end":{"line":44,"column":23}},{"start":{"line":44,"column":27},"end":{"line":44,"column":30}}],"line":44}},"s":{"0":4,"1":4,"2":4,"3":4,"4":4,"5":4,"6":4,"7":4,"8":4,"9":4,"10":4,"11":4,"12":4,"13":4,"14":0,"15":0,"16":0,"17":0,"18":4,"19":4,"20":4,"21":4,"22":4,"23":4,"24":4,"25":4,"26":1,"27":4,"28":1,"29":1,"30":1,"31":1,"32":4,"33":4},"f":{"0":0,"1":1,"2":1},"b":{"0":[0,4],"1":[0,0],"2":[0,1],"3":[1,0]},"_coverageSchema":"1a1c01bbd47fc00a2c39e90264f33305004495a9","hash":"ebb10ffd5bb1ea0846e375c7b3410a6e8e0cbff2"}
,"/home/aparsh/Documents/crio/CRED-T12/src/global/authenticate.js": {"path":"/home/aparsh/Documents/crio/CRED-T12/src/global/authenticate.js","statementMap":{"0":{"start":{"line":1,"column":10},"end":{"line":1,"column":33}},"1":{"start":{"line":2,"column":13},"end":{"line":2,"column":32}},"2":{"start":{"line":5,"column":4},"end":{"line":9,"column":5}},"3":{"start":{"line":6,"column":8},"end":{"line":6,"column":55}},"4":{"start":{"line":7,"column":11},"end":{"line":9,"column":5}},"5":{"start":{"line":8,"column":8},"end":{"line":8,"column":31}},"6":{"start":{"line":10,"column":4},"end":{"line":10,"column":16}},"7":{"start":{"line":13,"column":0},"end":{"line":33,"column":1}},"8":{"start":{"line":14,"column":4},"end":{"line":32,"column":5}},"9":{"start":{"line":15,"column":22},"end":{"line":15,"column":39}},"10":{"start":{"line":16,"column":8},"end":{"line":16,"column":27}},"11":{"start":{"line":17,"column":8},"end":{"line":27,"column":9}},"12":{"start":{"line":18,"column":27},"end":{"line":18,"column":68}},"13":{"start":{"line":19,"column":12},"end":{"line":19,"column":32}},"14":{"start":{"line":20,"column":12},"end":{"line":20,"column":33}},"15":{"start":{"line":21,"column":12},"end":{"line":21,"column":19}},"16":{"start":{"line":24,"column":22},"end":{"line":24,"column":51}},"17":{"start":{"line":25,"column":12},"end":{"line":25,"column":29}},"18":{"start":{"line":26,"column":12},"end":{"line":26,"column":22}},"19":{"start":{"line":30,"column":8},"end":{"line":30,"column":23}},"20":{"start":{"line":31,"column":8},"end":{"line":31,"column":16}}},"fnMap":{"0":{"name":"extractToken","decl":{"start":{"line":4,"column":9},"end":{"line":4,"column":21}},"loc":{"start":{"line":4,"column":27},"end":{"line":11,"column":1}},"line":4},"1":{"name":"(anonymous_1)","decl":{"start":{"line":13,"column":21},"end":{"line":13,"column":22}},"loc":{"start":{"line":13,"column":47},"end":{"line":33,"column":1}},"line":13}},"branchMap":{"0":{"loc":{"start":{"line":5,"column":4},"end":{"line":9,"column":5}},"type":"if","locations":[{"start":{"line":5,"column":4},"end":{"line":9,"column":5}},{"start":{"line":5,"column":4},"end":{"line":9,"column":5}}],"line":5},"1":{"loc":{"start":{"line":5,"column":8},"end":{"line":5,"column":89}},"type":"binary-expr","locations":[{"start":{"line":5,"column":8},"end":{"line":5,"column":33}},{"start":{"line":5,"column":37},"end":{"line":5,"column":89}}],"line":5},"2":{"loc":{"start":{"line":7,"column":11},"end":{"line":9,"column":5}},"type":"if","locations":[{"start":{"line":7,"column":11},"end":{"line":9,"column":5}},{"start":{"line":7,"column":11},"end":{"line":9,"column":5}}],"line":7},"3":{"loc":{"start":{"line":7,"column":15},"end":{"line":7,"column":43}},"type":"binary-expr","locations":[{"start":{"line":7,"column":15},"end":{"line":7,"column":24}},{"start":{"line":7,"column":28},"end":{"line":7,"column":43}}],"line":7},"4":{"loc":{"start":{"line":17,"column":8},"end":{"line":27,"column":9}},"type":"if","locations":[{"start":{"line":17,"column":8},"end":{"line":27,"column":9}},{"start":{"line":17,"column":8},"end":{"line":27,"column":9}}],"line":17}},"s":{"0":4,"1":4,"2":9,"3":9,"4":0,"5":0,"6":0,"7":4,"8":9,"9":9,"10":9,"11":9,"12":9,"13":9,"14":9,"15":9,"16":0,"17":0,"18":0,"19":0,"20":0},"f":{"0":9,"1":9},"b":{"0":[9,0],"1":[9,9],"2":[0,0],"3":[0,0],"4":[9,0]},"_coverageSchema":"1a1c01bbd47fc00a2c39e90264f33305004495a9","hash":"bcf01f80ca72f236b359a1b634f0857fa5f7f1d6"}
,"/home/aparsh/Documents/crio/CRED-T12/src/global/config.js": {"path":"/home/aparsh/Documents/crio/CRED-T12/src/global/config.js","statementMap":{"0":{"start":{"line":1,"column":0},"end":{"line":7,"column":1}}},"fnMap":{},"branchMap":{},"s":{"0":4},"f":{},"b":{},"_coverageSchema":"1a1c01bbd47fc00a2c39e90264f33305004495a9","hash":"c20caa3f3a0af6522b0b1bbd095093b36e8b3b33"}
,"/home/aparsh/Documents/crio/CRED-T12/src/global/responseStatus.js": {"path":"/home/aparsh/Documents/crio/CRED-T12/src/global/responseStatus.js","statementMap":{"0":{"start":{"line":1,"column":0},"end":{"line":6,"column":1}},"1":{"start":{"line":8,"column":0},"end":{"line":11,"column":1}}},"fnMap":{},"branchMap":{},"s":{"0":4,"1":4},"f":{},"b":{},"_coverageSchema":"1a1c01bbd47fc00a2c39e90264f33305004495a9","hash":"0e0cf0e62b7db73a7a3f1b09d8c7681ee16d3c02"}
,"/home/aparsh/Documents/crio/CRED-T12/src/models/Payment.js": {"path":"/home/aparsh/Documents/crio/CRED-T12/src/models/Payment.js","statementMap":{"0":{"start":{"line":1,"column":16},"end":{"line":1,"column":34}},"1":{"start":{"line":2,"column":15},"end":{"line":2,"column":34}},"2":{"start":{"line":3,"column":13},"end":{"line":3,"column":28}},"3":{"start":{"line":5,"column":0},"end":{"line":8,"column":1}},"4":{"start":{"line":10,"column":14},"end":{"line":28,"column":2}},"5":{"start":{"line":30,"column":0},"end":{"line":30,"column":54}}},"fnMap":{},"branchMap":{},"s":{"0":4,"1":4,"2":4,"3":4,"4":4,"5":4},"f":{},"b":{},"_coverageSchema":"1a1c01bbd47fc00a2c39e90264f33305004495a9","hash":"29529110ea95ea12ef80604bd204a000b5889fc8"}
,"/home/aparsh/Documents/crio/CRED-T12/src/models/Transaction.js": {"path":"/home/aparsh/Documents/crio/CRED-T12/src/models/Transaction.js","statementMap":{"0":{"start":{"line":1,"column":16},"end":{"line":1,"column":34}},"1":{"start":{"line":2,"column":15},"end":{"line":2,"column":34}},"2":{"start":{"line":3,"column":13},"end":{"line":3,"column":28}},"3":{"start":{"line":5,"column":0},"end":{"line":8,"column":1}},"4":{"start":{"line":9,"column":30},"end":{"line":9,"column":94}},"5":{"start":{"line":11,"column":18},"end":{"line":26,"column":2}},"6":{"start":{"line":28,"column":0},"end":{"line":28,"column":66}},"7":{"start":{"line":30,"column":0},"end":{"line":33,"column":1}},"8":{"start":{"line":31,"column":26},"end":{"line":31,"column":84}},"9":{"start":{"line":32,"column":4},"end":{"line":32,"column":48}}},"fnMap":{"0":{"name":"(anonymous_0)","decl":{"start":{"line":30,"column":28},"end":{"line":30,"column":29}},"loc":{"start":{"line":30,"column":38},"end":{"line":33,"column":1}},"line":30}},"branchMap":{},"s":{"0":4,"1":4,"2":4,"3":4,"4":4,"5":4,"6":4,"7":4,"8":2,"9":2},"f":{"0":2},"b":{},"_coverageSchema":"1a1c01bbd47fc00a2c39e90264f33305004495a9","hash":"6151584334504be4c7742c01b6c562ff67ca8499"}
,"/home/aparsh/Documents/crio/CRED-T12/src/models/card.js": {"path":"/home/aparsh/Documents/crio/CRED-T12/src/models/card.js","statementMap":{"0":{"start":{"line":1,"column":16},"end":{"line":1,"column":34}},"1":{"start":{"line":2,"column":15},"end":{"line":2,"column":34}},"2":{"start":{"line":3,"column":13},"end":{"line":3,"column":28}},"3":{"start":{"line":6,"column":11},"end":{"line":41,"column":2}},"4":{"start":{"line":43,"column":0},"end":{"line":43,"column":46}}},"fnMap":{},"branchMap":{},"s":{"0":4,"1":4,"2":4,"3":4,"4":4},"f":{},"b":{},"_coverageSchema":"1a1c01bbd47fc00a2c39e90264f33305004495a9","hash":"4481f9dd0f54e2fe653670c2a97cad1aa44e1ca4"}
,"/home/aparsh/Documents/crio/CRED-T12/src/models/user.js": {"path":"/home/aparsh/Documents/crio/CRED-T12/src/models/user.js","statementMap":{"0":{"start":{"line":1,"column":16},"end":{"line":1,"column":34}},"1":{"start":{"line":2,"column":15},"end":{"line":2,"column":34}},"2":{"start":{"line":3,"column":15},"end":{"line":3,"column":32}},"3":{"start":{"line":5,"column":13},"end":{"line":5,"column":28}},"4":{"start":{"line":6,"column":28},"end":{"line":6,"column":62}},"5":{"start":{"line":7,"column":15},"end":{"line":7,"column":32}},"6":{"start":{"line":8,"column":12},"end":{"line":8,"column":35}},"7":{"start":{"line":9,"column":19},"end":{"line":9,"column":21}},"8":{"start":{"line":10,"column":15},"end":{"line":10,"column":42}},"9":{"start":{"line":12,"column":11},"end":{"line":34,"column":2}},"10":{"start":{"line":36,"column":0},"end":{"line":41,"column":1}},"11":{"start":{"line":37,"column":17},"end":{"line":37,"column":47}},"12":{"start":{"line":38,"column":17},"end":{"line":38,"column":48}},"13":{"start":{"line":39,"column":4},"end":{"line":39,"column":22}},"14":{"start":{"line":40,"column":4},"end":{"line":40,"column":16}},"15":{"start":{"line":43,"column":0},"end":{"line":46,"column":1}},"16":{"start":{"line":44,"column":4},"end":{"line":44,"column":31}},"17":{"start":{"line":45,"column":4},"end":{"line":45,"column":54}},"18":{"start":{"line":48,"column":0},"end":{"line":57,"column":1}},"19":{"start":{"line":50,"column":17},"end":{"line":53,"column":5}},"20":{"start":{"line":55,"column":4},"end":{"line":56,"column":33}},"21":{"start":{"line":59,"column":0},"end":{"line":65,"column":2}},"22":{"start":{"line":60,"column":4},"end":{"line":64,"column":6}},"23":{"start":{"line":66,"column":0},"end":{"line":66,"column":46}}},"fnMap":{"0":{"name":"(anonymous_0)","decl":{"start":{"line":36,"column":31},"end":{"line":36,"column":32}},"loc":{"start":{"line":36,"column":51},"end":{"line":41,"column":1}},"line":36},"1":{"name":"(anonymous_1)","decl":{"start":{"line":43,"column":29},"end":{"line":43,"column":30}},"loc":{"start":{"line":43,"column":49},"end":{"line":46,"column":1}},"line":43},"2":{"name":"(anonymous_2)","decl":{"start":{"line":48,"column":27},"end":{"line":48,"column":28}},"loc":{"start":{"line":48,"column":39},"end":{"line":57,"column":1}},"line":48},"3":{"name":"(anonymous_3)","decl":{"start":{"line":59,"column":29},"end":{"line":59,"column":30}},"loc":{"start":{"line":59,"column":41},"end":{"line":65,"column":1}},"line":59}},"branchMap":{},"s":{"0":4,"1":4,"2":4,"3":4,"4":4,"5":4,"6":4,"7":4,"8":4,"9":4,"10":4,"11":3,"12":3,"13":3,"14":3,"15":4,"16":1,"17":1,"18":4,"19":4,"20":4,"21":4,"22":4,"23":4},"f":{"0":3,"1":1,"2":4,"3":4},"b":{},"_coverageSchema":"1a1c01bbd47fc00a2c39e90264f33305004495a9","hash":"d81b39164bb9b94eb4e3700156d68cf2aa21e5cb"}
,"/home/aparsh/Documents/crio/CRED-T12/src/modules/cards/router.js": {"path":"/home/aparsh/Documents/crio/CRED-T12/src/modules/cards/router.js","statementMap":{"0":{"start":{"line":1,"column":16},"end":{"line":1,"column":34}},"1":{"start":{"line":2,"column":19},"end":{"line":2,"column":41}},"2":{"start":{"line":3,"column":19},"end":{"line":3,"column":53}},"3":{"start":{"line":4,"column":15},"end":{"line":4,"column":31}},"4":{"start":{"line":5,"column":18},"end":{"line":5,"column":65}},"5":{"start":{"line":6,"column":0},"end":{"line":6,"column":30}},"6":{"start":{"line":9,"column":0},"end":{"line":9,"column":48}},"7":{"start":{"line":10,"column":0},"end":{"line":10,"column":51}},"8":{"start":{"line":11,"column":0},"end":{"line":11,"column":64}},"9":{"start":{"line":12,"column":0},"end":{"line":12,"column":62}},"10":{"start":{"line":13,"column":0},"end":{"line":13,"column":56}},"11":{"start":{"line":16,"column":0},"end":{"line":16,"column":24}}},"fnMap":{},"branchMap":{},"s":{"0":4,"1":4,"2":4,"3":4,"4":4,"5":4,"6":4,"7":4,"8":4,"9":4,"10":4,"11":4},"f":{},"b":{},"_coverageSchema":"1a1c01bbd47fc00a2c39e90264f33305004495a9","hash":"c1b9d37b9e178c8ec2382e9a2ede46d01ff6f24c"}
,"/home/aparsh/Documents/crio/CRED-T12/src/modules/cards/controller/controller.js": {"path":"/home/aparsh/Documents/crio/CRED-T12/src/modules/cards/controller/controller.js","statementMap":{"0":{"start":{"line":1,"column":13},"end":{"line":1,"column":44}},"1":{"start":{"line":2,"column":13},"end":{"line":2,"column":44}},"2":{"start":{"line":3,"column":41},"end":{"line":3,"column":79}},"3":{"start":{"line":4,"column":35},"end":{"line":4,"column":69}},"4":{"start":{"line":5,"column":16},"end":{"line":5,"column":34}},"5":{"start":{"line":6,"column":26},"end":{"line":6,"column":67}},"6":{"start":{"line":7,"column":18},"end":{"line":7,"column":54}},"7":{"start":{"line":8,"column":15},"end":{"line":8,"column":44}},"8":{"start":{"line":9,"column":13},"end":{"line":9,"column":31}},"9":{"start":{"line":10,"column":15},"end":{"line":10,"column":48}},"10":{"start":{"line":11,"column":25},"end":{"line":11,"column":64}},"11":{"start":{"line":23,"column":0},"end":{"line":83,"column":1}},"12":{"start":{"line":24,"column":4},"end":{"line":82,"column":5}},"13":{"start":{"line":25,"column":8},"end":{"line":76,"column":9}},"14":{"start":{"line":26,"column":12},"end":{"line":26,"column":37}},"15":{"start":{"line":27,"column":28},"end":{"line":27,"column":36}},"16":{"start":{"line":28,"column":26},"end":{"line":28,"column":75}},"17":{"start":{"line":29,"column":12},"end":{"line":29,"column":31}},"18":{"start":{"line":30,"column":12},"end":{"line":33,"column":13}},"19":{"start":{"line":31,"column":16},"end":{"line":31,"column":90}},"20":{"start":{"line":32,"column":16},"end":{"line":32,"column":96}},"21":{"start":{"line":35,"column":12},"end":{"line":38,"column":13}},"22":{"start":{"line":36,"column":16},"end":{"line":36,"column":96}},"23":{"start":{"line":37,"column":16},"end":{"line":37,"column":92}},"24":{"start":{"line":40,"column":33},"end":{"line":40,"column":78}},"25":{"start":{"line":41,"column":12},"end":{"line":44,"column":13}},"26":{"start":{"line":42,"column":16},"end":{"line":42,"column":90}},"27":{"start":{"line":43,"column":16},"end":{"line":43,"column":144}},"28":{"start":{"line":46,"column":25},"end":{"line":46,"column":60}},"29":{"start":{"line":47,"column":12},"end":{"line":50,"column":13}},"30":{"start":{"line":48,"column":16},"end":{"line":48,"column":90}},"31":{"start":{"line":49,"column":16},"end":{"line":49,"column":87}},"32":{"start":{"line":51,"column":12},"end":{"line":51,"column":38}},"33":{"start":{"line":53,"column":28},"end":{"line":53,"column":45}},"34":{"start":{"line":54,"column":30},"end":{"line":54,"column":50}},"35":{"start":{"line":56,"column":12},"end":{"line":59,"column":13}},"36":{"start":{"line":57,"column":16},"end":{"line":57,"column":90}},"37":{"start":{"line":58,"column":16},"end":{"line":58,"column":95}},"38":{"start":{"line":61,"column":29},"end":{"line":69,"column":13}},"39":{"start":{"line":70,"column":12},"end":{"line":70,"column":86}},"40":{"start":{"line":71,"column":12},"end":{"line":71,"column":72}},"41":{"start":{"line":74,"column":12},"end":{"line":74,"column":100}},"42":{"start":{"line":75,"column":12},"end":{"line":75,"column":85}},"43":{"start":{"line":79,"column":8},"end":{"line":79,"column":23}},"44":{"start":{"line":80,"column":8},"end":{"line":80,"column":105}},"45":{"start":{"line":81,"column":8},"end":{"line":81,"column":84}},"46":{"start":{"line":89,"column":0},"end":{"line":125,"column":1}},"47":{"start":{"line":90,"column":4},"end":{"line":124,"column":5}},"48":{"start":{"line":91,"column":8},"end":{"line":118,"column":9}},"49":{"start":{"line":92,"column":12},"end":{"line":92,"column":37}},"50":{"start":{"line":93,"column":27},"end":{"line":93,"column":41}},"51":{"start":{"line":94,"column":26},"end":{"line":94,"column":61}},"52":{"start":{"line":96,"column":27},"end":{"line":96,"column":29}},"53":{"start":{"line":98,"column":12},"end":{"line":110,"column":13}},"54":{"start":{"line":99,"column":33},"end":{"line":107,"column":17}},"55":{"start":{"line":109,"column":16},"end":{"line":109,"column":40}},"56":{"start":{"line":112,"column":12},"end":{"line":112,"column":86}},"57":{"start":{"line":113,"column":12},"end":{"line":113,"column":72}},"58":{"start":{"line":116,"column":12},"end":{"line":116,"column":94}},"59":{"start":{"line":117,"column":12},"end":{"line":117,"column":85}},"60":{"start":{"line":121,"column":8},"end":{"line":121,"column":23}},"61":{"start":{"line":122,"column":8},"end":{"line":122,"column":99}},"62":{"start":{"line":123,"column":8},"end":{"line":123,"column":84}},"63":{"start":{"line":131,"column":0},"end":{"line":166,"column":1}},"64":{"start":{"line":132,"column":4},"end":{"line":165,"column":5}},"65":{"start":{"line":133,"column":8},"end":{"line":159,"column":9}},"66":{"start":{"line":134,"column":12},"end":{"line":134,"column":37}},"67":{"start":{"line":135,"column":27},"end":{"line":135,"column":41}},"68":{"start":{"line":136,"column":27},"end":{"line":136,"column":44}},"69":{"start":{"line":137,"column":25},"end":{"line":137,"column":76}},"70":{"start":{"line":138,"column":12},"end":{"line":152,"column":13}},"71":{"start":{"line":139,"column":33},"end":{"line":147,"column":17}},"72":{"start":{"line":149,"column":16},"end":{"line":149,"column":90}},"73":{"start":{"line":150,"column":16},"end":{"line":150,"column":76}},"74":{"start":{"line":153,"column":12},"end":{"line":153,"column":86}},"75":{"start":{"line":154,"column":12},"end":{"line":154,"column":83}},"76":{"start":{"line":157,"column":12},"end":{"line":157,"column":94}},"77":{"start":{"line":158,"column":12},"end":{"line":158,"column":85}},"78":{"start":{"line":162,"column":8},"end":{"line":162,"column":23}},"79":{"start":{"line":163,"column":8},"end":{"line":163,"column":99}},"80":{"start":{"line":164,"column":8},"end":{"line":164,"column":84}},"81":{"start":{"line":172,"column":0},"end":{"line":206,"column":1}},"82":{"start":{"line":173,"column":4},"end":{"line":205,"column":5}},"83":{"start":{"line":175,"column":22},"end":{"line":175,"column":111}},"84":{"start":{"line":176,"column":19},"end":{"line":176,"column":80}},"85":{"start":{"line":179,"column":23},"end":{"line":179,"column":40}},"86":{"start":{"line":181,"column":29},"end":{"line":181,"column":120}},"87":{"start":{"line":183,"column":29},"end":{"line":183,"column":31}},"88":{"start":{"line":184,"column":8},"end":{"line":195,"column":9}},"89":{"start":{"line":186,"column":28},"end":{"line":192,"column":13}},"90":{"start":{"line":194,"column":12},"end":{"line":194,"column":43}},"91":{"start":{"line":197,"column":8},"end":{"line":197,"column":82}},"92":{"start":{"line":198,"column":8},"end":{"line":198,"column":74}},"93":{"start":{"line":202,"column":8},"end":{"line":202,"column":23}},"94":{"start":{"line":203,"column":8},"end":{"line":203,"column":99}},"95":{"start":{"line":204,"column":8},"end":{"line":204,"column":84}},"96":{"start":{"line":217,"column":0},"end":{"line":280,"column":1}},"97":{"start":{"line":218,"column":4},"end":{"line":279,"column":5}},"98":{"start":{"line":219,"column":8},"end":{"line":273,"column":9}},"99":{"start":{"line":220,"column":12},"end":{"line":220,"column":37}},"100":{"start":{"line":221,"column":28},"end":{"line":221,"column":36}},"101":{"start":{"line":222,"column":27},"end":{"line":222,"column":41}},"102":{"start":{"line":223,"column":27},"end":{"line":223,"column":44}},"103":{"start":{"line":224,"column":25},"end":{"line":224,"column":76}},"104":{"start":{"line":225,"column":12},"end":{"line":266,"column":13}},"105":{"start":{"line":226,"column":16},"end":{"line":229,"column":17}},"106":{"start":{"line":227,"column":20},"end":{"line":227,"column":94}},"107":{"start":{"line":228,"column":20},"end":{"line":228,"column":91}},"108":{"start":{"line":230,"column":16},"end":{"line":230,"column":83}},"109":{"start":{"line":231,"column":34},"end":{"line":231,"column":51}},"110":{"start":{"line":232,"column":16},"end":{"line":265,"column":17}},"111":{"start":{"line":234,"column":36},"end":{"line":239,"column":21}},"112":{"start":{"line":241,"column":39},"end":{"line":241,"column":59}},"113":{"start":{"line":242,"column":41},"end":{"line":242,"column":64}},"114":{"start":{"line":244,"column":20},"end":{"line":260,"column":21}},"115":{"start":{"line":246,"column":47},"end":{"line":252,"column":25}},"116":{"start":{"line":253,"column":24},"end":{"line":253,"column":98}},"117":{"start":{"line":254,"column":24},"end":{"line":254,"column":90}},"118":{"start":{"line":258,"column":24},"end":{"line":258,"column":115}},"119":{"start":{"line":259,"column":24},"end":{"line":259,"column":131}},"120":{"start":{"line":263,"column":20},"end":{"line":263,"column":111}},"121":{"start":{"line":264,"column":20},"end":{"line":264,"column":91}},"122":{"start":{"line":267,"column":12},"end":{"line":267,"column":86}},"123":{"start":{"line":268,"column":12},"end":{"line":268,"column":83}},"124":{"start":{"line":271,"column":12},"end":{"line":271,"column":94}},"125":{"start":{"line":272,"column":12},"end":{"line":272,"column":85}},"126":{"start":{"line":276,"column":8},"end":{"line":276,"column":23}},"127":{"start":{"line":277,"column":8},"end":{"line":277,"column":99}},"128":{"start":{"line":278,"column":8},"end":{"line":278,"column":84}}},"fnMap":{"0":{"name":"(anonymous_0)","decl":{"start":{"line":23,"column":18},"end":{"line":23,"column":19}},"loc":{"start":{"line":23,"column":44},"end":{"line":83,"column":1}},"line":23},"1":{"name":"(anonymous_1)","decl":{"start":{"line":89,"column":22},"end":{"line":89,"column":23}},"loc":{"start":{"line":89,"column":48},"end":{"line":125,"column":1}},"line":89},"2":{"name":"(anonymous_2)","decl":{"start":{"line":131,"column":24},"end":{"line":131,"column":25}},"loc":{"start":{"line":131,"column":50},"end":{"line":166,"column":1}},"line":131},"3":{"name":"(anonymous_3)","decl":{"start":{"line":172,"column":21},"end":{"line":172,"column":22}},"loc":{"start":{"line":172,"column":47},"end":{"line":206,"column":1}},"line":172},"4":{"name":"(anonymous_4)","decl":{"start":{"line":217,"column":18},"end":{"line":217,"column":19}},"loc":{"start":{"line":217,"column":44},"end":{"line":280,"column":1}},"line":217}},"branchMap":{"0":{"loc":{"start":{"line":25,"column":8},"end":{"line":76,"column":9}},"type":"if","locations":[{"start":{"line":25,"column":8},"end":{"line":76,"column":9}},{"start":{"line":25,"column":8},"end":{"line":76,"column":9}}],"line":25},"1":{"loc":{"start":{"line":30,"column":12},"end":{"line":33,"column":13}},"type":"if","locations":[{"start":{"line":30,"column":12},"end":{"line":33,"column":13}},{"start":{"line":30,"column":12},"end":{"line":33,"column":13}}],"line":30},"2":{"loc":{"start":{"line":35,"column":12},"end":{"line":38,"column":13}},"type":"if","locations":[{"start":{"line":35,"column":12},"end":{"line":38,"column":13}},{"start":{"line":35,"column":12},"end":{"line":38,"column":13}}],"line":35},"3":{"loc":{"start":{"line":41,"column":12},"end":{"line":44,"column":13}},"type":"if","locations":[{"start":{"line":41,"column":12},"end":{"line":44,"column":13}},{"start":{"line":41,"column":12},"end":{"line":44,"column":13}}],"line":41},"4":{"loc":{"start":{"line":47,"column":12},"end":{"line":50,"column":13}},"type":"if","locations":[{"start":{"line":47,"column":12},"end":{"line":50,"column":13}},{"start":{"line":47,"column":12},"end":{"line":50,"column":13}}],"line":47},"5":{"loc":{"start":{"line":47,"column":16},"end":{"line":47,"column":51}},"type":"binary-expr","locations":[{"start":{"line":47,"column":16},"end":{"line":47,"column":34}},{"start":{"line":47,"column":38},"end":{"line":47,"column":51}}],"line":47},"6":{"loc":{"start":{"line":56,"column":12},"end":{"line":59,"column":13}},"type":"if","locations":[{"start":{"line":56,"column":12},"end":{"line":59,"column":13}},{"start":{"line":56,"column":12},"end":{"line":59,"column":13}}],"line":56},"7":{"loc":{"start":{"line":91,"column":8},"end":{"line":118,"column":9}},"type":"if","locations":[{"start":{"line":91,"column":8},"end":{"line":118,"column":9}},{"start":{"line":91,"column":8},"end":{"line":118,"column":9}}],"line":91},"8":{"loc":{"start":{"line":133,"column":8},"end":{"line":159,"column":9}},"type":"if","locations":[{"start":{"line":133,"column":8},"end":{"line":159,"column":9}},{"start":{"line":133,"column":8},"end":{"line":159,"column":9}}],"line":133},"9":{"loc":{"start":{"line":138,"column":12},"end":{"line":152,"column":13}},"type":"if","locations":[{"start":{"line":138,"column":12},"end":{"line":152,"column":13}},{"start":{"line":138,"column":12},"end":{"line":152,"column":13}}],"line":138},"10":{"loc":{"start":{"line":175,"column":22},"end":{"line":175,"column":111}},"type":"cond-expr","locations":[{"start":{"line":175,"column":58},"end":{"line":175,"column":81}},{"start":{"line":175,"column":84},"end":{"line":175,"column":111}}],"line":175},"11":{"loc":{"start":{"line":176,"column":19},"end":{"line":176,"column":80}},"type":"cond-expr","locations":[{"start":{"line":176,"column":52},"end":{"line":176,"column":53}},{"start":{"line":176,"column":56},"end":{"line":176,"column":80}}],"line":176},"12":{"loc":{"start":{"line":219,"column":8},"end":{"line":273,"column":9}},"type":"if","locations":[{"start":{"line":219,"column":8},"end":{"line":273,"column":9}},{"start":{"line":219,"column":8},"end":{"line":273,"column":9}}],"line":219},"13":{"loc":{"start":{"line":225,"column":12},"end":{"line":266,"column":13}},"type":"if","locations":[{"start":{"line":225,"column":12},"end":{"line":266,"column":13}},{"start":{"line":225,"column":12},"end":{"line":266,"column":13}}],"line":225},"14":{"loc":{"start":{"line":226,"column":16},"end":{"line":229,"column":17}},"type":"if","locations":[{"start":{"line":226,"column":16},"end":{"line":229,"column":17}},{"start":{"line":226,"column":16},"end":{"line":229,"column":17}}],"line":226},"15":{"loc":{"start":{"line":232,"column":16},"end":{"line":265,"column":17}},"type":"if","locations":[{"start":{"line":232,"column":16},"end":{"line":265,"column":17}},{"start":{"line":232,"column":16},"end":{"line":265,"column":17}}],"line":232},"16":{"loc":{"start":{"line":244,"column":20},"end":{"line":260,"column":21}},"type":"if","locations":[{"start":{"line":244,"column":20},"end":{"line":260,"column":21}},{"start":{"line":244,"column":20},"end":{"line":260,"column":21}}],"line":244}},"s":{"0":4,"1":4,"2":4,"3":4,"4":4,"5":4,"6":4,"7":4,"8":4,"9":4,"10":4,"11":4,"12":2,"13":2,"14":2,"15":2,"16":2,"17":2,"18":2,"19":0,"20":0,"21":2,"22":0,"23":0,"24":2,"25":2,"26":0,"27":0,"28":2,"29":2,"30":0,"31":0,"32":2,"33":2,"34":2,"35":2,"36":0,"37":0,"38":2,"39":2,"40":2,"41":0,"42":0,"43":0,"44":0,"45":0,"46":4,"47":1,"48":1,"49":1,"50":1,"51":1,"52":1,"53":1,"54":1,"55":1,"56":1,"57":1,"58":0,"59":0,"60":0,"61":0,"62":0,"63":4,"64":1,"65":1,"66":1,"67":1,"68":1,"69":1,"70":1,"71":1,"72":1,"73":1,"74":0,"75":0,"76":0,"77":0,"78":0,"79":0,"80":0,"81":4,"82":1,"83":1,"84":1,"85":1,"86":1,"87":1,"88":1,"89":0,"90":0,"91":1,"92":1,"93":0,"94":0,"95":0,"96":4,"97":1,"98":1,"99":1,"100":1,"101":1,"102":1,"103":1,"104":1,"105":1,"106":0,"107":0,"108":1,"109":1,"110":1,"111":1,"112":1,"113":1,"114":1,"115":1,"116":1,"117":1,"118":0,"119":0,"120":0,"121":0,"122":0,"123":0,"124":0,"125":0,"126":0,"127":0,"128":0},"f":{"0":2,"1":1,"2":1,"3":1,"4":1},"b":{"0":[2,0],"1":[0,2],"2":[0,2],"3":[0,2],"4":[0,2],"5":[2,2],"6":[0,2],"7":[1,0],"8":[1,0],"9":[1,0],"10":[1,0],"11":[1,0],"12":[1,0],"13":[1,0],"14":[0,1],"15":[1,0],"16":[1,0]},"_coverageSchema":"1a1c01bbd47fc00a2c39e90264f33305004495a9","hash":"c40e1a79797b2fa404c3204a041b901259c61a69"}
,"/home/aparsh/Documents/crio/CRED-T12/src/modules/cards/controller/validationSchema.js": {"path":"/home/aparsh/Documents/crio/CRED-T12/src/modules/cards/controller/validationSchema.js","statementMap":{"0":{"start":{"line":1,"column":0},"end":{"line":13,"column":2}},"1":{"start":{"line":15,"column":0},"end":{"line":23,"column":2}}},"fnMap":{},"branchMap":{},"s":{"0":4,"1":4},"f":{},"b":{},"_coverageSchema":"1a1c01bbd47fc00a2c39e90264f33305004495a9","hash":"c17fd05c5adec673772d7006dd9103dd7e638123"}
,"/home/aparsh/Documents/crio/CRED-T12/src/modules/ping/router.js": {"path":"/home/aparsh/Documents/crio/CRED-T12/src/modules/ping/router.js","statementMap":{"0":{"start":{"line":1,"column":16},"end":{"line":1,"column":34}},"1":{"start":{"line":2,"column":15},"end":{"line":2,"column":31}},"2":{"start":{"line":4,"column":0},"end":{"line":8,"column":3}},"3":{"start":{"line":5,"column":2},"end":{"line":7,"column":5}},"4":{"start":{"line":10,"column":0},"end":{"line":10,"column":24}}},"fnMap":{"0":{"name":"(anonymous_0)","decl":{"start":{"line":4,"column":16},"end":{"line":4,"column":17}},"loc":{"start":{"line":4,"column":30},"end":{"line":8,"column":1}},"line":4}},"branchMap":{},"s":{"0":4,"1":4,"2":4,"3":1,"4":4},"f":{"0":1},"b":{},"_coverageSchema":"1a1c01bbd47fc00a2c39e90264f33305004495a9","hash":"ed87dea0d3f54140b277a32df8db870966ff7fe4"}
,"/home/aparsh/Documents/crio/CRED-T12/src/modules/transactions/router.js": {"path":"/home/aparsh/Documents/crio/CRED-T12/src/modules/transactions/router.js","statementMap":{"0":{"start":{"line":1,"column":16},"end":{"line":1,"column":34}},"1":{"start":{"line":2,"column":19},"end":{"line":2,"column":41}},"2":{"start":{"line":3,"column":19},"end":{"line":3,"column":53}},"3":{"start":{"line":4,"column":15},"end":{"line":4,"column":31}},"4":{"start":{"line":5,"column":18},"end":{"line":5,"column":65}},"5":{"start":{"line":6,"column":0},"end":{"line":6,"column":30}},"6":{"start":{"line":9,"column":0},"end":{"line":9,"column":63}},"7":{"start":{"line":10,"column":0},"end":{"line":10,"column":66}},"8":{"start":{"line":12,"column":0},"end":{"line":12,"column":24}}},"fnMap":{},"branchMap":{},"s":{"0":4,"1":4,"2":4,"3":4,"4":4,"5":4,"6":4,"7":4,"8":4},"f":{},"b":{},"_coverageSchema":"1a1c01bbd47fc00a2c39e90264f33305004495a9","hash":"a7e9b3ff386d419d6a7b64ebb28f5952f8a7afa6"}
,"/home/aparsh/Documents/crio/CRED-T12/src/modules/transactions/controller/controller.js": {"path":"/home/aparsh/Documents/crio/CRED-T12/src/modules/transactions/controller/controller.js","statementMap":{"0":{"start":{"line":1,"column":13},"end":{"line":1,"column":44}},"1":{"start":{"line":2,"column":13},"end":{"line":2,"column":44}},"2":{"start":{"line":3,"column":60},"end":{"line":3,"column":98}},"3":{"start":{"line":4,"column":35},"end":{"line":4,"column":69}},"4":{"start":{"line":5,"column":16},"end":{"line":5,"column":34}},"5":{"start":{"line":6,"column":26},"end":{"line":6,"column":67}},"6":{"start":{"line":7,"column":18},"end":{"line":7,"column":54}},"7":{"start":{"line":8,"column":15},"end":{"line":8,"column":44}},"8":{"start":{"line":9,"column":15},"end":{"line":9,"column":48}},"9":{"start":{"line":10,"column":52},"end":{"line":10,"column":91}},"10":{"start":{"line":21,"column":0},"end":{"line":98,"column":1}},"11":{"start":{"line":22,"column":4},"end":{"line":97,"column":5}},"12":{"start":{"line":23,"column":8},"end":{"line":91,"column":9}},"13":{"start":{"line":24,"column":12},"end":{"line":24,"column":37}},"14":{"start":{"line":25,"column":27},"end":{"line":25,"column":41}},"15":{"start":{"line":26,"column":28},"end":{"line":26,"column":36}},"16":{"start":{"line":27,"column":26},"end":{"line":27,"column":83}},"17":{"start":{"line":28,"column":12},"end":{"line":31,"column":13}},"18":{"start":{"line":29,"column":16},"end":{"line":29,"column":90}},"19":{"start":{"line":30,"column":16},"end":{"line":30,"column":96}},"20":{"start":{"line":33,"column":25},"end":{"line":33,"column":52}},"21":{"start":{"line":34,"column":12},"end":{"line":37,"column":13}},"22":{"start":{"line":35,"column":16},"end":{"line":35,"column":90}},"23":{"start":{"line":36,"column":16},"end":{"line":36,"column":87}},"24":{"start":{"line":39,"column":27},"end":{"line":39,"column":44}},"25":{"start":{"line":40,"column":25},"end":{"line":40,"column":76}},"26":{"start":{"line":42,"column":12},"end":{"line":45,"column":13}},"27":{"start":{"line":43,"column":16},"end":{"line":43,"column":90}},"28":{"start":{"line":44,"column":16},"end":{"line":44,"column":87}},"29":{"start":{"line":47,"column":33},"end":{"line":47,"column":35}},"30":{"start":{"line":48,"column":29},"end":{"line":48,"column":30}},"31":{"start":{"line":50,"column":12},"end":{"line":63,"column":13}},"32":{"start":{"line":50,"column":25},"end":{"line":50,"column":26}},"33":{"start":{"line":51,"column":31},"end":{"line":51,"column":72}},"34":{"start":{"line":52,"column":16},"end":{"line":52,"column":37}},"35":{"start":{"line":54,"column":37},"end":{"line":61,"column":17}},"36":{"start":{"line":62,"column":16},"end":{"line":62,"column":50}},"37":{"start":{"line":65,"column":33},"end":{"line":65,"column":77}},"38":{"start":{"line":66,"column":12},"end":{"line":66,"column":44}},"39":{"start":{"line":67,"column":12},"end":{"line":67,"column":30}},"40":{"start":{"line":69,"column":33},"end":{"line":69,"column":35}},"41":{"start":{"line":70,"column":12},"end":{"line":81,"column":13}},"42":{"start":{"line":72,"column":32},"end":{"line":78,"column":17}},"43":{"start":{"line":80,"column":16},"end":{"line":80,"column":47}},"44":{"start":{"line":83,"column":12},"end":{"line":83,"column":38}},"45":{"start":{"line":85,"column":12},"end":{"line":85,"column":86}},"46":{"start":{"line":86,"column":12},"end":{"line":86,"column":78}},"47":{"start":{"line":89,"column":12},"end":{"line":89,"column":100}},"48":{"start":{"line":90,"column":12},"end":{"line":90,"column":85}},"49":{"start":{"line":94,"column":8},"end":{"line":94,"column":23}},"50":{"start":{"line":95,"column":8},"end":{"line":95,"column":105}},"51":{"start":{"line":96,"column":8},"end":{"line":96,"column":84}},"52":{"start":{"line":107,"column":0},"end":{"line":199,"column":1}},"53":{"start":{"line":108,"column":4},"end":{"line":198,"column":5}},"54":{"start":{"line":109,"column":8},"end":{"line":192,"column":9}},"55":{"start":{"line":110,"column":12},"end":{"line":110,"column":37}},"56":{"start":{"line":111,"column":27},"end":{"line":111,"column":41}},"57":{"start":{"line":112,"column":25},"end":{"line":112,"column":52}},"58":{"start":{"line":113,"column":12},"end":{"line":116,"column":13}},"59":{"start":{"line":114,"column":16},"end":{"line":114,"column":90}},"60":{"start":{"line":115,"column":16},"end":{"line":115,"column":87}},"61":{"start":{"line":117,"column":27},"end":{"line":117,"column":113}},"62":{"start":{"line":118,"column":26},"end":{"line":118,"column":109}},"63":{"start":{"line":119,"column":29},"end":{"line":119,"column":61}},"64":{"start":{"line":121,"column":12},"end":{"line":121,"column":34}},"65":{"start":{"line":123,"column":31},"end":{"line":151,"column":14}},"66":{"start":{"line":153,"column":12},"end":{"line":153,"column":43}},"67":{"start":{"line":155,"column":33},"end":{"line":155,"column":58}},"68":{"start":{"line":156,"column":37},"end":{"line":156,"column":66}},"69":{"start":{"line":158,"column":32},"end":{"line":158,"column":34}},"70":{"start":{"line":159,"column":36},"end":{"line":159,"column":38}},"71":{"start":{"line":161,"column":12},"end":{"line":171,"column":13}},"72":{"start":{"line":162,"column":31},"end":{"line":169,"column":17}},"73":{"start":{"line":170,"column":16},"end":{"line":170,"column":45}},"74":{"start":{"line":173,"column":12},"end":{"line":179,"column":13}},"75":{"start":{"line":174,"column":35},"end":{"line":177,"column":17}},"76":{"start":{"line":178,"column":16},"end":{"line":178,"column":53}},"77":{"start":{"line":182,"column":34},"end":{"line":185,"column":13}},"78":{"start":{"line":186,"column":12},"end":{"line":186,"column":86}},"79":{"start":{"line":187,"column":12},"end":{"line":187,"column":77}},"80":{"start":{"line":190,"column":12},"end":{"line":190,"column":100}},"81":{"start":{"line":191,"column":12},"end":{"line":191,"column":85}},"82":{"start":{"line":195,"column":8},"end":{"line":195,"column":23}},"83":{"start":{"line":196,"column":8},"end":{"line":196,"column":105}},"84":{"start":{"line":197,"column":8},"end":{"line":197,"column":84}}},"fnMap":{"0":{"name":"(anonymous_0)","decl":{"start":{"line":21,"column":25},"end":{"line":21,"column":26}},"loc":{"start":{"line":21,"column":51},"end":{"line":98,"column":1}},"line":21},"1":{"name":"(anonymous_1)","decl":{"start":{"line":107,"column":23},"end":{"line":107,"column":24}},"loc":{"start":{"line":107,"column":49},"end":{"line":199,"column":1}},"line":107}},"branchMap":{"0":{"loc":{"start":{"line":23,"column":8},"end":{"line":91,"column":9}},"type":"if","locations":[{"start":{"line":23,"column":8},"end":{"line":91,"column":9}},{"start":{"line":23,"column":8},"end":{"line":91,"column":9}}],"line":23},"1":{"loc":{"start":{"line":28,"column":12},"end":{"line":31,"column":13}},"type":"if","locations":[{"start":{"line":28,"column":12},"end":{"line":31,"column":13}},{"start":{"line":28,"column":12},"end":{"line":31,"column":13}}],"line":28},"2":{"loc":{"start":{"line":34,"column":12},"end":{"line":37,"column":13}},"type":"if","locations":[{"start":{"line":34,"column":12},"end":{"line":37,"column":13}},{"start":{"line":34,"column":12},"end":{"line":37,"column":13}}],"line":34},"3":{"loc":{"start":{"line":34,"column":16},"end":{"line":34,"column":51}},"type":"binary-expr","locations":[{"start":{"line":34,"column":16},"end":{"line":34,"column":34}},{"start":{"line":34,"column":38},"end":{"line":34,"column":51}}],"line":34},"4":{"loc":{"start":{"line":42,"column":12},"end":{"line":45,"column":13}},"type":"if","locations":[{"start":{"line":42,"column":12},"end":{"line":45,"column":13}},{"start":{"line":42,"column":12},"end":{"line":45,"column":13}}],"line":42},"5":{"loc":{"start":{"line":109,"column":8},"end":{"line":192,"column":9}},"type":"if","locations":[{"start":{"line":109,"column":8},"end":{"line":192,"column":9}},{"start":{"line":109,"column":8},"end":{"line":192,"column":9}}],"line":109},"6":{"loc":{"start":{"line":113,"column":12},"end":{"line":116,"column":13}},"type":"if","locations":[{"start":{"line":113,"column":12},"end":{"line":116,"column":13}},{"start":{"line":113,"column":12},"end":{"line":116,"column":13}}],"line":113},"7":{"loc":{"start":{"line":113,"column":16},"end":{"line":113,"column":51}},"type":"binary-expr","locations":[{"start":{"line":113,"column":16},"end":{"line":113,"column":34}},{"start":{"line":113,"column":38},"end":{"line":113,"column":51}}],"line":113},"8":{"loc":{"start":{"line":117,"column":27},"end":{"line":117,"column":113}},"type":"cond-expr","locations":[{"start":{"line":117,"column":62},"end":{"line":117,"column":84}},{"start":{"line":117,"column":87},"end":{"line":117,"column":113}}],"line":117},"9":{"loc":{"start":{"line":118,"column":26},"end":{"line":118,"column":109}},"type":"cond-expr","locations":[{"start":{"line":118,"column":60},"end":{"line":118,"column":81}},{"start":{"line":118,"column":84},"end":{"line":118,"column":109}}],"line":118}},"s":{"0":4,"1":4,"2":4,"3":4,"4":4,"5":4,"6":4,"7":4,"8":4,"9":4,"10":4,"11":1,"12":1,"13":1,"14":1,"15":1,"16":1,"17":1,"18":0,"19":0,"20":1,"21":1,"22":0,"23":0,"24":1,"25":1,"26":1,"27":0,"28":0,"29":1,"30":1,"31":1,"32":1,"33":2,"34":2,"35":2,"36":2,"37":1,"38":1,"39":1,"40":1,"41":1,"42":2,"43":2,"44":1,"45":1,"46":1,"47":0,"48":0,"49":0,"50":0,"51":0,"52":4,"53":1,"54":1,"55":1,"56":1,"57":1,"58":1,"59":0,"60":0,"61":1,"62":1,"63":1,"64":1,"65":1,"66":1,"67":1,"68":1,"69":1,"70":1,"71":1,"72":0,"73":0,"74":1,"75":0,"76":0,"77":1,"78":1,"79":1,"80":0,"81":0,"82":0,"83":0,"84":0},"f":{"0":1,"1":1},"b":{"0":[1,0],"1":[0,1],"2":[0,1],"3":[1,1],"4":[0,1],"5":[1,0],"6":[0,1],"7":[1,1],"8":[1,0],"9":[1,0]},"_coverageSchema":"1a1c01bbd47fc00a2c39e90264f33305004495a9","hash":"cf2fbfcccb88a37481c3cea1d38f8a037434869f"}
,"/home/aparsh/Documents/crio/CRED-T12/src/modules/transactions/controller/validationSchema.js": {"path":"/home/aparsh/Documents/crio/CRED-T12/src/modules/transactions/controller/validationSchema.js","statementMap":{"0":{"start":{"line":1,"column":0},"end":{"line":9,"column":2}}},"fnMap":{},"branchMap":{},"s":{"0":4},"f":{},"b":{},"_coverageSchema":"1a1c01bbd47fc00a2c39e90264f33305004495a9","hash":"f4b40fc76c8a043660ae7b4b7c78d9692923cb47"}
,"/home/aparsh/Documents/crio/CRED-T12/src/modules/user/router.js": {"path":"/home/aparsh/Documents/crio/CRED-T12/src/modules/user/router.js","statementMap":{"0":{"start":{"line":1,"column":16},"end":{"line":1,"column":34}},"1":{"start":{"line":2,"column":19},"end":{"line":2,"column":41}},"2":{"start":{"line":3,"column":19},"end":{"line":3,"column":53}},"3":{"start":{"line":4,"column":15},"end":{"line":4,"column":31}},"4":{"start":{"line":5,"column":21},"end":{"line":5,"column":57}},"5":{"start":{"line":6,"column":0},"end":{"line":6,"column":30}},"6":{"start":{"line":9,"column":0},"end":{"line":9,"column":41}},"7":{"start":{"line":10,"column":0},"end":{"line":10,"column":38}},"8":{"start":{"line":11,"column":0},"end":{"line":11,"column":59}},"9":{"start":{"line":12,"column":0},"end":{"line":12,"column":59}},"10":{"start":{"line":15,"column":0},"end":{"line":15,"column":24}}},"fnMap":{},"branchMap":{},"s":{"0":4,"1":4,"2":4,"3":4,"4":4,"5":4,"6":4,"7":4,"8":4,"9":4,"10":4},"f":{},"b":{},"_coverageSchema":"1a1c01bbd47fc00a2c39e90264f33305004495a9","hash":"c6c5b0e169d446ca69ac56228705b9cd7b97bf20"}
,"/home/aparsh/Documents/crio/CRED-T12/src/modules/user/controller/controller.js": {"path":"/home/aparsh/Documents/crio/CRED-T12/src/modules/user/controller/controller.js","statementMap":{"0":{"start":{"line":1,"column":13},"end":{"line":1,"column":44}},"1":{"start":{"line":2,"column":16},"end":{"line":2,"column":34}},"2":{"start":{"line":3,"column":26},"end":{"line":3,"column":67}},"3":{"start":{"line":4,"column":18},"end":{"line":4,"column":54}},"4":{"start":{"line":5,"column":15},"end":{"line":5,"column":44}},"5":{"start":{"line":6,"column":17},"end":{"line":6,"column":36}},"6":{"start":{"line":7,"column":16},"end":{"line":7,"column":34}},"7":{"start":{"line":12,"column":0},"end":{"line":45,"column":1}},"8":{"start":{"line":13,"column":4},"end":{"line":44,"column":5}},"9":{"start":{"line":14,"column":24},"end":{"line":14,"column":32}},"10":{"start":{"line":15,"column":22},"end":{"line":15,"column":64}},"11":{"start":{"line":16,"column":8},"end":{"line":19,"column":9}},"12":{"start":{"line":17,"column":12},"end":{"line":17,"column":86}},"13":{"start":{"line":18,"column":12},"end":{"line":18,"column":92}},"14":{"start":{"line":21,"column":32},"end":{"line":21,"column":72}},"15":{"start":{"line":22,"column":8},"end":{"line":25,"column":9}},"16":{"start":{"line":23,"column":12},"end":{"line":23,"column":86}},"17":{"start":{"line":24,"column":12},"end":{"line":24,"column":96}},"18":{"start":{"line":27,"column":22},"end":{"line":27,"column":41}},"19":{"start":{"line":28,"column":8},"end":{"line":28,"column":75}},"20":{"start":{"line":29,"column":24},"end":{"line":29,"column":44}},"21":{"start":{"line":30,"column":8},"end":{"line":38,"column":9}},"22":{"start":{"line":31,"column":12},"end":{"line":31,"column":86}},"23":{"start":{"line":33,"column":12},"end":{"line":33,"column":92}},"24":{"start":{"line":36,"column":12},"end":{"line":36,"column":103}},"25":{"start":{"line":37,"column":12},"end":{"line":37,"column":88}},"26":{"start":{"line":41,"column":8},"end":{"line":41,"column":23}},"27":{"start":{"line":42,"column":8},"end":{"line":42,"column":99}},"28":{"start":{"line":43,"column":8},"end":{"line":43,"column":84}},"29":{"start":{"line":50,"column":0},"end":{"line":80,"column":1}},"30":{"start":{"line":51,"column":4},"end":{"line":79,"column":5}},"31":{"start":{"line":52,"column":24},"end":{"line":52,"column":32}},"32":{"start":{"line":53,"column":22},"end":{"line":53,"column":63}},"33":{"start":{"line":54,"column":8},"end":{"line":57,"column":9}},"34":{"start":{"line":55,"column":12},"end":{"line":55,"column":86}},"35":{"start":{"line":56,"column":12},"end":{"line":56,"column":92}},"36":{"start":{"line":59,"column":8},"end":{"line":73,"column":27}},"37":{"start":{"line":60,"column":12},"end":{"line":62,"column":13}},"38":{"start":{"line":61,"column":16},"end":{"line":61,"column":33}},"39":{"start":{"line":64,"column":12},"end":{"line":69,"column":13}},"40":{"start":{"line":65,"column":29},"end":{"line":65,"column":41}},"41":{"start":{"line":66,"column":29},"end":{"line":66,"column":49}},"42":{"start":{"line":67,"column":16},"end":{"line":67,"column":90}},"43":{"start":{"line":68,"column":16},"end":{"line":68,"column":72}},"44":{"start":{"line":71,"column":12},"end":{"line":71,"column":86}},"45":{"start":{"line":72,"column":12},"end":{"line":72,"column":71}},"46":{"start":{"line":76,"column":8},"end":{"line":76,"column":23}},"47":{"start":{"line":77,"column":8},"end":{"line":77,"column":99}},"48":{"start":{"line":78,"column":8},"end":{"line":78,"column":84}},"49":{"start":{"line":85,"column":0},"end":{"line":116,"column":1}},"50":{"start":{"line":86,"column":4},"end":{"line":115,"column":5}},"51":{"start":{"line":87,"column":8},"end":{"line":109,"column":9}},"52":{"start":{"line":88,"column":12},"end":{"line":88,"column":37}},"53":{"start":{"line":89,"column":25},"end":{"line":89,"column":60}},"54":{"start":{"line":91,"column":12},"end":{"line":94,"column":13}},"55":{"start":{"line":92,"column":16},"end":{"line":92,"column":90}},"56":{"start":{"line":93,"column":16},"end":{"line":93,"column":87}},"57":{"start":{"line":96,"column":29},"end":{"line":101,"column":13}},"58":{"start":{"line":103,"column":12},"end":{"line":103,"column":86}},"59":{"start":{"line":104,"column":12},"end":{"line":104,"column":72}},"60":{"start":{"line":107,"column":12},"end":{"line":107,"column":100}},"61":{"start":{"line":108,"column":12},"end":{"line":108,"column":85}},"62":{"start":{"line":112,"column":8},"end":{"line":112,"column":23}},"63":{"start":{"line":113,"column":8},"end":{"line":113,"column":105}},"64":{"start":{"line":114,"column":8},"end":{"line":114,"column":84}},"65":{"start":{"line":121,"column":0},"end":{"line":123,"column":1}},"66":{"start":{"line":122,"column":4},"end":{"line":122,"column":39}}},"fnMap":{"0":{"name":"(anonymous_0)","decl":{"start":{"line":12,"column":17},"end":{"line":12,"column":18}},"loc":{"start":{"line":12,"column":43},"end":{"line":45,"column":1}},"line":12},"1":{"name":"(anonymous_1)","decl":{"start":{"line":50,"column":16},"end":{"line":50,"column":17}},"loc":{"start":{"line":50,"column":42},"end":{"line":80,"column":1}},"line":50},"2":{"name":"(anonymous_2)","decl":{"start":{"line":59,"column":65},"end":{"line":59,"column":66}},"loc":{"start":{"line":59,"column":94},"end":{"line":73,"column":9}},"line":59},"3":{"name":"(anonymous_3)","decl":{"start":{"line":85,"column":15},"end":{"line":85,"column":16}},"loc":{"start":{"line":85,"column":41},"end":{"line":116,"column":1}},"line":85},"4":{"name":"(anonymous_4)","decl":{"start":{"line":121,"column":15},"end":{"line":121,"column":16}},"loc":{"start":{"line":121,"column":41},"end":{"line":123,"column":1}},"line":121}},"branchMap":{"0":{"loc":{"start":{"line":16,"column":8},"end":{"line":19,"column":9}},"type":"if","locations":[{"start":{"line":16,"column":8},"end":{"line":19,"column":9}},{"start":{"line":16,"column":8},"end":{"line":19,"column":9}}],"line":16},"1":{"loc":{"start":{"line":22,"column":8},"end":{"line":25,"column":9}},"type":"if","locations":[{"start":{"line":22,"column":8},"end":{"line":25,"column":9}},{"start":{"line":22,"column":8},"end":{"line":25,"column":9}}],"line":22},"2":{"loc":{"start":{"line":30,"column":8},"end":{"line":38,"column":9}},"type":"if","locations":[{"start":{"line":30,"column":8},"end":{"line":38,"column":9}},{"start":{"line":30,"column":8},"end":{"line":38,"column":9}}],"line":30},"3":{"loc":{"start":{"line":54,"column":8},"end":{"line":57,"column":9}},"type":"if","locations":[{"start":{"line":54,"column":8},"end":{"line":57,"column":9}},{"start":{"line":54,"column":8},"end":{"line":57,"column":9}}],"line":54},"4":{"loc":{"start":{"line":60,"column":12},"end":{"line":62,"column":13}},"type":"if","locations":[{"start":{"line":60,"column":12},"end":{"line":62,"column":13}},{"start":{"line":60,"column":12},"end":{"line":62,"column":13}}],"line":60},"5":{"loc":{"start":{"line":64,"column":12},"end":{"line":69,"column":13}},"type":"if","locations":[{"start":{"line":64,"column":12},"end":{"line":69,"column":13}},{"start":{"line":64,"column":12},"end":{"line":69,"column":13}}],"line":64},"6":{"loc":{"start":{"line":87,"column":8},"end":{"line":109,"column":9}},"type":"if","locations":[{"start":{"line":87,"column":8},"end":{"line":109,"column":9}},{"start":{"line":87,"column":8},"end":{"line":109,"column":9}}],"line":87},"7":{"loc":{"start":{"line":91,"column":12},"end":{"line":94,"column":13}},"type":"if","locations":[{"start":{"line":91,"column":12},"end":{"line":94,"column":13}},{"start":{"line":91,"column":12},"end":{"line":94,"column":13}}],"line":91},"8":{"loc":{"start":{"line":91,"column":16},"end":{"line":91,"column":51}},"type":"binary-expr","locations":[{"start":{"line":91,"column":16},"end":{"line":91,"column":34}},{"start":{"line":91,"column":38},"end":{"line":91,"column":51}}],"line":91}},"s":{"0":4,"1":4,"2":4,"3":4,"4":4,"5":4,"6":4,"7":4,"8":3,"9":3,"10":3,"11":3,"12":0,"13":0,"14":3,"15":3,"16":0,"17":0,"18":3,"19":3,"20":3,"21":3,"22":3,"23":3,"24":0,"25":0,"26":0,"27":0,"28":0,"29":4,"30":1,"31":1,"32":1,"33":1,"34":0,"35":0,"36":1,"37":1,"38":0,"39":1,"40":1,"41":1,"42":1,"43":1,"44":0,"45":0,"46":0,"47":0,"48":0,"49":4,"50":1,"51":1,"52":1,"53":1,"54":1,"55":0,"56":0,"57":1,"58":1,"59":1,"60":0,"61":0,"62":0,"63":0,"64":0,"65":4,"66":0},"f":{"0":3,"1":1,"2":1,"3":1,"4":0},"b":{"0":[0,3],"1":[0,3],"2":[3,0],"3":[0,1],"4":[0,1],"5":[1,0],"6":[1,0],"7":[0,1],"8":[1,1]},"_coverageSchema":"1a1c01bbd47fc00a2c39e90264f33305004495a9","hash":"d0f26683e9d0308f939edbbfd65006c2aca939c3"}
,"/home/aparsh/Documents/crio/CRED-T12/src/modules/user/controller/validationSchema.js": {"path":"/home/aparsh/Documents/crio/CRED-T12/src/modules/user/controller/validationSchema.js","statementMap":{"0":{"start":{"line":1,"column":0},"end":{"line":11,"column":2}},"1":{"start":{"line":13,"column":0},"end":{"line":22,"column":2}}},"fnMap":{},"branchMap":{},"s":{"0":4,"1":4},"f":{},"b":{},"_coverageSchema":"1a1c01bbd47fc00a2c39e90264f33305004495a9","hash":"2f3cbc60c6ac8aa2cca7199853870ea88407bc30"}
,"/home/aparsh/Documents/crio/CRED-T12/src/utils/cors.js": {"path":"/home/aparsh/Documents/crio/CRED-T12/src/utils/cors.js","statementMap":{"0":{"start":{"line":2,"column":25},"end":{"line":14,"column":1}},"1":{"start":{"line":3,"column":4},"end":{"line":3,"column":51}},"2":{"start":{"line":4,"column":4},"end":{"line":4,"column":84}},"3":{"start":{"line":5,"column":4},"end":{"line":5,"column":112}},"4":{"start":{"line":8,"column":4},"end":{"line":13,"column":5}},"5":{"start":{"line":9,"column":6},"end":{"line":9,"column":20}},"6":{"start":{"line":12,"column":6},"end":{"line":12,"column":13}},"7":{"start":{"line":16,"column":0},"end":{"line":16,"column":34}}},"fnMap":{"0":{"name":"(anonymous_0)","decl":{"start":{"line":2,"column":25},"end":{"line":2,"column":26}},"loc":{"start":{"line":2,"column":50},"end":{"line":14,"column":1}},"line":2}},"branchMap":{"0":{"loc":{"start":{"line":8,"column":4},"end":{"line":13,"column":5}},"type":"if","locations":[{"start":{"line":8,"column":4},"end":{"line":13,"column":5}},{"start":{"line":8,"column":4},"end":{"line":13,"column":5}}],"line":8}},"s":{"0":4,"1":15,"2":15,"3":15,"4":15,"5":0,"6":15,"7":4},"f":{"0":15},"b":{"0":[0,15]},"_coverageSchema":"1a1c01bbd47fc00a2c39e90264f33305004495a9","hash":"e7c4a24f3c9b03f0db59cfcd4fcaf473acb0ff62"}
,"/home/aparsh/Documents/crio/CRED-T12/src/utils/dateFunctions.js": {"path":"/home/aparsh/Documents/crio/CRED-T12/src/utils/dateFunctions.js","statementMap":{"0":{"start":{"line":1,"column":15},"end":{"line":1,"column":137}},"1":{"start":{"line":2,"column":0},"end":{"line":5,"column":1}},"2":{"start":{"line":3,"column":21},"end":{"line":3,"column":89}},"3":{"start":{"line":4,"column":4},"end":{"line":4,"column":22}},"4":{"start":{"line":9,"column":0},"end":{"line":11,"column":1}},"5":{"start":{"line":10,"column":4},"end":{"line":10,"column":89}},"6":{"start":{"line":13,"column":0},"end":{"line":16,"column":1}},"7":{"start":{"line":14,"column":18},"end":{"line":14,"column":34}},"8":{"start":{"line":15,"column":4},"end":{"line":15,"column":93}}},"fnMap":{"0":{"name":"(anonymous_0)","decl":{"start":{"line":2,"column":25},"end":{"line":2,"column":26}},"loc":{"start":{"line":2,"column":41},"end":{"line":5,"column":1}},"line":2},"1":{"name":"(anonymous_1)","decl":{"start":{"line":9,"column":21},"end":{"line":9,"column":22}},"loc":{"start":{"line":9,"column":43},"end":{"line":11,"column":1}},"line":9},"2":{"name":"(anonymous_2)","decl":{"start":{"line":13,"column":22},"end":{"line":13,"column":23}},"loc":{"start":{"line":13,"column":46},"end":{"line":16,"column":1}},"line":13}},"branchMap":{},"s":{"0":4,"1":4,"2":3,"3":3,"4":4,"5":2,"6":4,"7":1,"8":1},"f":{"0":3,"1":2,"2":1},"b":{},"_coverageSchema":"1a1c01bbd47fc00a2c39e90264f33305004495a9","hash":"186bfdd5949c147baa3a26a353c213a4da1c9af9"}
,"/home/aparsh/Documents/crio/CRED-T12/src/utils/passport.js": {"path":"/home/aparsh/Documents/crio/CRED-T12/src/utils/passport.js","statementMap":{"0":{"start":{"line":1,"column":17},"end":{"line":1,"column":36}},"1":{"start":{"line":2,"column":17},"end":{"line":2,"column":36}},"2":{"start":{"line":3,"column":22},"end":{"line":3,"column":47}},"3":{"start":{"line":4,"column":13},"end":{"line":4,"column":38}},"4":{"start":{"line":6,"column":0},"end":{"line":25,"column":4}},"5":{"start":{"line":10,"column":13},"end":{"line":10,"column":49}},"6":{"start":{"line":11,"column":2},"end":{"line":24,"column":3}},"7":{"start":{"line":12,"column":15},"end":{"line":12,"column":49}},"8":{"start":{"line":13,"column":4},"end":{"line":13,"column":20}},"9":{"start":{"line":14,"column":4},"end":{"line":19,"column":5}},"10":{"start":{"line":15,"column":6},"end":{"line":15,"column":29}},"11":{"start":{"line":18,"column":6},"end":{"line":18,"column":53}},"12":{"start":{"line":23,"column":4},"end":{"line":23,"column":47}}},"fnMap":{"0":{"name":"(anonymous_0)","decl":{"start":{"line":9,"column":3},"end":{"line":9,"column":4}},"loc":{"start":{"line":9,"column":36},"end":{"line":25,"column":1}},"line":9}},"branchMap":{"0":{"loc":{"start":{"line":11,"column":2},"end":{"line":24,"column":3}},"type":"if","locations":[{"start":{"line":11,"column":2},"end":{"line":24,"column":3}},{"start":{"line":11,"column":2},"end":{"line":24,"column":3}}],"line":11},"1":{"loc":{"start":{"line":14,"column":4},"end":{"line":19,"column":5}},"type":"if","locations":[{"start":{"line":14,"column":4},"end":{"line":19,"column":5}},{"start":{"line":14,"column":4},"end":{"line":19,"column":5}}],"line":14}},"s":{"0":4,"1":4,"2":4,"3":4,"4":4,"5":1,"6":1,"7":1,"8":1,"9":1,"10":1,"11":0,"12":0},"f":{"0":1},"b":{"0":[1,0],"1":[1,0]},"_coverageSchema":"1a1c01bbd47fc00a2c39e90264f33305004495a9","hash":"ad0817eb736e2a26fb938d182cf5137ebab61f36"}
,"/home/aparsh/Documents/crio/CRED-T12/src/utils/validation.js": {"path":"/home/aparsh/Documents/crio/CRED-T12/src/utils/validation.js","statementMap":{"0":{"start":{"line":1,"column":12},"end":{"line":1,"column":34}},"1":{"start":{"line":2,"column":12},"end":{"line":2,"column":38}},"2":{"start":{"line":4,"column":0},"end":{"line":11,"column":1}},"3":{"start":{"line":5,"column":21},"end":{"line":5,"column":40}},"4":{"start":{"line":6,"column":18},"end":{"line":6,"column":35}},"5":{"start":{"line":8,"column":4},"end":{"line":8,"column":44}},"6":{"start":{"line":8,"column":16},"end":{"line":8,"column":44}},"7":{"start":{"line":10,"column":4},"end":{"line":10,"column":19}}},"fnMap":{"0":{"name":"(anonymous_0)","decl":{"start":{"line":4,"column":19},"end":{"line":4,"column":20}},"loc":{"start":{"line":4,"column":46},"end":{"line":11,"column":1}},"line":4}},"branchMap":{"0":{"loc":{"start":{"line":8,"column":4},"end":{"line":8,"column":44}},"type":"if","locations":[{"start":{"line":8,"column":4},"end":{"line":8,"column":44}},{"start":{"line":8,"column":4},"end":{"line":8,"column":44}}],"line":8}},"s":{"0":4,"1":4,"2":4,"3":7,"4":7,"5":7,"6":0,"7":7},"f":{"0":7},"b":{"0":[0,7]},"_coverageSchema":"1a1c01bbd47fc00a2c39e90264f33305004495a9","hash":"8aa280d75ca63c71dd67c915279ef4fc9a946fb2"}
,"/home/aparsh/Documents/crio/CRED-T12/test/tesctConfig.js": {"path":"/home/aparsh/Documents/crio/CRED-T12/test/tesctConfig.js","statementMap":{"0":{"start":{"line":1,"column":17},"end":{"line":10,"column":1}},"1":{"start":{"line":12,"column":17},"end":{"line":16,"column":1}},"2":{"start":{"line":18,"column":18},"end":{"line":21,"column":1}},"3":{"start":{"line":23,"column":24},"end":{"line":25,"column":1}},"4":{"start":{"line":27,"column":0},"end":{"line":32,"column":1}}},"fnMap":{},"branchMap":{},"s":{"0":3,"1":3,"2":3,"3":3,"4":3},"f":{},"b":{},"_coverageSchema":"1a1c01bbd47fc00a2c39e90264f33305004495a9","hash":"44bc54aad624b1336649578ff6cde05a94aab691"}
}
