TN:
SF:dbConnection.js
FN:5,mongooseCommection
FN:6,(anonymous_1)
FN:17,(anonymous_2)
FN:34,(anonymous_3)
FNF:4
FNH:4
FNDA:3,mongooseCommection
FNDA:3,(anonymous_1)
FNDA:3,(anonymous_2)
FNDA:3,(anonymous_3)
DA:1,4
DA:2,4
DA:6,3
DA:7,3
DA:8,0
DA:11,3
DA:17,4
DA:18,3
DA:19,3
DA:20,3
DA:21,3
DA:22,3
DA:26,0
DA:30,0
DA:34,4
DA:35,3
DA:36,3
DA:37,3
DA:40,0
LF:19
LH:15
BRDA:7,0,0,0
BRDA:7,0,1,3
BRDA:19,1,0,3
BRDA:19,1,1,0
BRDA:21,2,0,3
BRDA:21,2,1,0
BRF:6
BRH:3
end_of_record
TN:
SF:endpoints.js
FN:5,(anonymous_0)
FN:6,(anonymous_1)
FNF:2
FNH:1
FNDA:4,(anonymous_0)
FNDA:0,(anonymous_1)
DA:1,4
DA:2,4
DA:3,4
DA:4,4
DA:5,4
DA:6,4
DA:7,4
DA:8,4
DA:9,4
DA:10,4
LF:10
LH:10
BRF:0
BRH:0
end_of_record
TN:
SF:server.js
FN:19,(anonymous_0)
FN:33,(anonymous_1)
FN:38,(anonymous_2)
FNF:3
FNH:2
FNDA:0,(anonymous_0)
FNDA:1,(anonymous_1)
FNDA:1,(anonymous_2)
DA:1,4
DA:2,4
DA:3,4
DA:4,4
DA:5,4
DA:6,4
DA:7,4
DA:8,4
DA:9,4
DA:10,4
DA:11,4
DA:12,4
DA:15,4
DA:17,4
DA:18,0
DA:19,0
DA:21,0
DA:24,4
DA:25,4
DA:26,4
DA:27,4
DA:28,4
DA:29,4
DA:30,4
DA:33,4
DA:34,1
DA:38,4
DA:40,1
DA:41,1
DA:44,1
DA:45,1
DA:51,4
DA:52,4
LF:33
LH:30
BRDA:17,0,0,0
BRDA:17,0,1,4
BRDA:18,1,0,0
BRDA:18,1,1,0
BRDA:41,2,0,0
BRDA:41,2,1,1
BRDA:44,3,0,1
BRDA:44,3,1,0
BRF:8
BRH:3
end_of_record
TN:
SF:src/global/authenticate.js
FN:4,extractToken
FN:13,(anonymous_1)
FNF:2
FNH:2
FNDA:9,extractToken
FNDA:9,(anonymous_1)
DA:1,4
DA:2,4
DA:5,9
DA:6,9
DA:7,0
DA:8,0
DA:10,0
DA:13,4
DA:14,9
DA:15,9
DA:16,9
DA:17,9
DA:18,9
DA:19,9
DA:20,9
DA:21,9
DA:24,0
DA:25,0
DA:26,0
DA:30,0
DA:31,0
LF:21
LH:13
BRDA:5,0,0,9
BRDA:5,0,1,0
BRDA:5,1,0,9
BRDA:5,1,1,9
BRDA:7,2,0,0
BRDA:7,2,1,0
BRDA:7,3,0,0
BRDA:7,3,1,0
BRDA:17,4,0,9
BRDA:17,4,1,0
BRF:10
BRH:4
end_of_record
TN:
SF:src/global/config.js
FNF:0
FNH:0
DA:1,4
LF:1
LH:1
BRF:0
BRH:0
end_of_record
TN:
SF:src/global/responseStatus.js
FNF:0
FNH:0
DA:1,4
DA:8,4
LF:2
LH:2
BRF:0
BRH:0
end_of_record
TN:
SF:src/models/Payment.js
FNF:0
FNH:0
DA:1,4
DA:2,4
DA:3,4
DA:5,4
DA:10,4
DA:30,4
LF:6
LH:6
BRF:0
BRH:0
end_of_record
TN:
SF:src/models/Transaction.js
FN:30,(anonymous_0)
FNF:1
FNH:1
FNDA:2,(anonymous_0)
DA:1,4
DA:2,4
DA:3,4
DA:5,4
DA:9,4
DA:11,4
DA:28,4
DA:30,4
DA:31,2
DA:32,2
LF:10
LH:10
BRF:0
BRH:0
end_of_record
TN:
SF:src/models/card.js
FNF:0
FNH:0
DA:1,4
DA:2,4
DA:3,4
DA:6,4
DA:39,4
LF:5
LH:5
BRF:0
BRH:0
end_of_record
TN:
SF:src/models/user.js
FN:36,(anonymous_0)
FN:43,(anonymous_1)
FN:48,(anonymous_2)
FN:59,(anonymous_3)
FNF:4
FNH:4
FNDA:3,(anonymous_0)
FNDA:1,(anonymous_1)
FNDA:4,(anonymous_2)
FNDA:4,(anonymous_3)
DA:1,4
DA:2,4
DA:3,4
DA:5,4
DA:6,4
DA:7,4
DA:8,4
DA:9,4
DA:10,4
DA:12,4
DA:36,4
DA:37,3
DA:38,3
DA:39,3
DA:40,3
DA:43,4
DA:44,1
DA:45,1
DA:48,4
DA:50,4
DA:55,4
DA:59,4
DA:60,4
DA:66,4
LF:24
LH:24
BRF:0
BRH:0
end_of_record
TN:
SF:src/modules/cards/router.js
FNF:0
FNH:0
DA:1,4
DA:2,4
DA:3,4
DA:4,4
DA:5,4
DA:6,4
DA:9,4
DA:10,4
DA:11,4
DA:12,4
DA:13,4
DA:16,4
LF:12
LH:12
BRF:0
BRH:0
end_of_record
TN:
SF:src/modules/cards/controller/controller.js
FN:22,(anonymous_0)
FN:86,(anonymous_1)
FN:127,(anonymous_2)
FN:167,(anonymous_3)
FN:212,(anonymous_4)
FNF:5
FNH:5
FNDA:2,(anonymous_0)
FNDA:1,(anonymous_1)
FNDA:1,(anonymous_2)
FNDA:1,(anonymous_3)
FNDA:1,(anonymous_4)
DA:1,4
DA:2,4
DA:3,4
DA:4,4
DA:5,4
DA:6,4
DA:7,4
DA:8,4
DA:9,4
DA:10,4
DA:11,4
DA:22,4
DA:23,2
DA:24,2
DA:25,2
DA:26,2
DA:27,2
DA:28,2
DA:29,2
DA:30,0
DA:31,0
DA:33,2
DA:34,0
DA:35,0
DA:38,2
DA:39,2
DA:40,0
DA:41,0
DA:44,2
DA:45,2
DA:46,0
DA:47,0
DA:49,2
DA:51,2
DA:52,2
DA:54,2
DA:55,0
DA:56,0
DA:59,2
DA:67,2
DA:68,2
DA:71,0
DA:72,0
DA:76,0
DA:77,0
DA:78,0
DA:86,4
DA:87,1
DA:88,1
DA:89,1
DA:90,1
DA:91,1
DA:93,1
DA:95,1
DA:96,1
DA:105,1
DA:108,1
DA:109,1
DA:112,0
DA:113,0
DA:117,0
DA:118,0
DA:119,0
DA:127,4
DA:128,1
DA:129,1
DA:130,1
DA:131,1
DA:132,1
DA:133,1
DA:134,1
DA:135,1
DA:144,1
DA:145,1
DA:148,0
DA:149,0
DA:152,0
DA:153,0
DA:157,0
DA:158,0
DA:159,0
DA:167,4
DA:168,1
DA:170,1
DA:171,1
DA:174,1
DA:176,1
DA:178,1
DA:179,1
DA:181,0
DA:189,0
DA:192,1
DA:193,1
DA:197,0
DA:198,0
DA:199,0
DA:212,4
DA:213,1
DA:214,1
DA:215,1
DA:216,1
DA:217,1
DA:218,1
DA:219,1
DA:220,1
DA:221,1
DA:222,0
DA:223,0
DA:225,1
DA:226,1
DA:227,1
DA:229,1
DA:236,1
DA:237,1
DA:239,1
DA:241,1
DA:248,1
DA:249,1
DA:253,0
DA:254,0
DA:258,0
DA:259,0
DA:262,0
DA:263,0
DA:266,0
DA:267,0
DA:271,0
DA:272,0
DA:273,0
LF:129
LH:84
BRDA:24,0,0,2
BRDA:24,0,1,0
BRDA:29,1,0,0
BRDA:29,1,1,2
BRDA:33,2,0,0
BRDA:33,2,1,2
BRDA:39,3,0,0
BRDA:39,3,1,2
BRDA:45,4,0,0
BRDA:45,4,1,2
BRDA:45,5,0,2
BRDA:45,5,1,2
BRDA:54,6,0,0
BRDA:54,6,1,2
BRDA:88,7,0,1
BRDA:88,7,1,0
BRDA:129,8,0,1
BRDA:129,8,1,0
BRDA:134,9,0,1
BRDA:134,9,1,0
BRDA:170,10,0,1
BRDA:170,10,1,0
BRDA:171,11,0,1
BRDA:171,11,1,0
BRDA:214,12,0,1
BRDA:214,12,1,0
BRDA:220,13,0,1
BRDA:220,13,1,0
BRDA:221,14,0,0
BRDA:221,14,1,1
BRDA:227,15,0,1
BRDA:227,15,1,0
BRDA:239,16,0,1
BRDA:239,16,1,0
BRF:34
BRH:18
end_of_record
TN:
SF:src/modules/cards/controller/validationSchema.js
FNF:0
FNH:0
DA:1,4
DA:14,4
LF:2
LH:2
BRF:0
BRH:0
end_of_record
TN:
SF:src/modules/ping/router.js
FN:4,(anonymous_0)
FNF:1
FNH:1
FNDA:1,(anonymous_0)
DA:1,4
DA:2,4
DA:4,4
DA:5,1
DA:10,4
LF:5
LH:5
BRF:0
BRH:0
end_of_record
TN:
SF:src/modules/transactions/router.js
FNF:0
FNH:0
DA:1,4
DA:2,4
DA:3,4
DA:4,4
DA:5,4
DA:6,4
DA:9,4
DA:10,4
DA:12,4
LF:9
LH:9
BRF:0
BRH:0
end_of_record
TN:
SF:src/modules/transactions/controller/controller.js
FN:21,(anonymous_0)
FN:107,(anonymous_1)
FNF:2
FNH:2
FNDA:1,(anonymous_0)
FNDA:1,(anonymous_1)
DA:1,4
DA:2,4
DA:3,4
DA:4,4
DA:5,4
DA:6,4
DA:7,4
DA:8,4
DA:9,4
DA:10,4
DA:21,4
DA:22,1
DA:23,1
DA:24,1
DA:25,1
DA:26,1
DA:27,1
DA:28,1
DA:29,0
DA:30,0
DA:33,1
DA:34,1
DA:35,0
DA:36,0
DA:39,1
DA:40,1
DA:42,1
DA:43,0
DA:44,0
DA:47,1
DA:48,1
DA:50,1
DA:51,2
DA:52,2
DA:54,2
DA:62,2
DA:65,1
DA:66,1
DA:67,1
DA:69,1
DA:70,1
DA:72,2
DA:80,2
DA:83,1
DA:85,1
DA:86,1
DA:89,0
DA:90,0
DA:94,0
DA:95,0
DA:96,0
DA:107,4
DA:108,1
DA:109,1
DA:110,1
DA:111,1
DA:112,1
DA:113,1
DA:114,0
DA:115,0
DA:117,1
DA:118,1
DA:119,1
DA:121,1
DA:123,1
DA:153,1
DA:155,1
DA:156,1
DA:158,1
DA:159,1
DA:161,1
DA:162,0
DA:170,0
DA:173,1
DA:174,0
DA:178,0
DA:182,1
DA:186,1
DA:187,1
DA:190,0
DA:191,0
DA:195,0
DA:196,0
DA:197,0
LF:84
LH:62
BRDA:23,0,0,1
BRDA:23,0,1,0
BRDA:28,1,0,0
BRDA:28,1,1,1
BRDA:34,2,0,0
BRDA:34,2,1,1
BRDA:34,3,0,1
BRDA:34,3,1,1
BRDA:42,4,0,0
BRDA:42,4,1,1
BRDA:109,5,0,1
BRDA:109,5,1,0
BRDA:113,6,0,0
BRDA:113,6,1,1
BRDA:113,7,0,1
BRDA:113,7,1,1
BRDA:117,8,0,1
BRDA:117,8,1,0
BRDA:118,9,0,1
BRDA:118,9,1,0
BRF:20
BRH:12
end_of_record
TN:
SF:src/modules/transactions/controller/validationSchema.js
FNF:0
FNH:0
DA:1,4
LF:1
LH:1
BRF:0
BRH:0
end_of_record
TN:
SF:src/modules/user/router.js
FNF:0
FNH:0
DA:1,4
DA:2,4
DA:3,4
DA:4,4
DA:5,4
DA:6,4
DA:9,4
DA:10,4
DA:11,4
DA:12,4
DA:15,4
LF:11
LH:11
BRF:0
BRH:0
end_of_record
TN:
SF:src/modules/user/controller/controller.js
FN:12,(anonymous_0)
FN:50,(anonymous_1)
FN:59,(anonymous_2)
FN:85,(anonymous_3)
FN:121,(anonymous_4)
FNF:5
FNH:4
FNDA:3,(anonymous_0)
FNDA:1,(anonymous_1)
FNDA:1,(anonymous_2)
FNDA:1,(anonymous_3)
FNDA:0,(anonymous_4)
DA:1,4
DA:2,4
DA:3,4
DA:4,4
DA:5,4
DA:6,4
DA:7,4
DA:12,4
DA:13,3
DA:14,3
DA:15,3
DA:16,3
DA:17,0
DA:18,0
DA:21,3
DA:22,3
DA:23,0
DA:24,0
DA:27,3
DA:28,3
DA:29,3
DA:30,3
DA:31,3
DA:33,3
DA:36,0
DA:37,0
DA:41,0
DA:42,0
DA:43,0
DA:50,4
DA:51,1
DA:52,1
DA:53,1
DA:54,1
DA:55,0
DA:56,0
DA:59,1
DA:60,1
DA:61,0
DA:64,1
DA:65,1
DA:66,1
DA:67,1
DA:68,1
DA:71,0
DA:72,0
DA:76,0
DA:77,0
DA:78,0
DA:85,4
DA:86,1
DA:87,1
DA:88,1
DA:89,1
DA:91,1
DA:92,0
DA:93,0
DA:96,1
DA:103,1
DA:104,1
DA:107,0
DA:108,0
DA:112,0
DA:113,0
DA:114,0
DA:121,4
DA:122,0
LF:67
LH:42
BRDA:16,0,0,0
BRDA:16,0,1,3
BRDA:22,1,0,0
BRDA:22,1,1,3
BRDA:30,2,0,3
BRDA:30,2,1,0
BRDA:54,3,0,0
BRDA:54,3,1,1
BRDA:60,4,0,0
BRDA:60,4,1,1
BRDA:64,5,0,1
BRDA:64,5,1,0
BRDA:87,6,0,1
BRDA:87,6,1,0
BRDA:91,7,0,0
BRDA:91,7,1,1
BRDA:91,8,0,1
BRDA:91,8,1,1
BRF:18
BRH:10
end_of_record
TN:
SF:src/modules/user/controller/validationSchema.js
FNF:0
FNH:0
DA:1,4
DA:13,4
LF:2
LH:2
BRF:0
BRH:0
end_of_record
TN:
SF:src/utils/cors.js
FN:2,(anonymous_0)
FNF:1
FNH:1
FNDA:15,(anonymous_0)
DA:2,4
DA:3,15
DA:4,15
DA:5,15
DA:8,15
DA:9,0
DA:12,15
DA:16,4
LF:8
LH:7
BRDA:8,0,0,0
BRDA:8,0,1,15
BRF:2
BRH:1
end_of_record
TN:
SF:src/utils/dateFunctions.js
FN:2,(anonymous_0)
FN:9,(anonymous_1)
FN:13,(anonymous_2)
FNF:3
FNH:3
FNDA:3,(anonymous_0)
FNDA:2,(anonymous_1)
FNDA:1,(anonymous_2)
DA:1,4
DA:2,4
DA:3,3
DA:4,3
DA:9,4
DA:10,2
DA:13,4
DA:14,1
DA:15,1
LF:9
LH:9
BRF:0
BRH:0
end_of_record
TN:
SF:src/utils/passport.js
FN:9,(anonymous_0)
FNF:1
FNH:1
FNDA:1,(anonymous_0)
DA:1,4
DA:2,4
DA:3,4
DA:4,4
DA:6,4
DA:10,1
DA:11,1
DA:12,1
DA:13,1
DA:14,1
DA:15,1
DA:18,0
DA:23,0
LF:13
LH:11
BRDA:11,0,0,1
BRDA:11,0,1,0
BRDA:14,1,0,1
BRDA:14,1,1,0
BRF:4
BRH:2
end_of_record
TN:
SF:src/utils/validation.js
FN:4,(anonymous_0)
FNF:1
FNH:1
FNDA:7,(anonymous_0)
DA:1,4
DA:2,4
DA:4,4
DA:5,7
DA:6,7
DA:8,7
DA:10,7
LF:7
LH:7
BRDA:8,0,0,0
BRDA:8,0,1,7
BRF:2
BRH:1
end_of_record
TN:
SF:test/tesctConfig.js
FNF:0
FNH:0
DA:1,3
DA:11,3
DA:17,3
DA:22,3
DA:26,3
LF:5
LH:5
BRF:0
BRH:0
end_of_record
